<?xml version="1.0" encoding="UTF-8"?>
<!-- Generated by org.testng.reporters.JUnitReportReporter -->
<testsuite hostname="DESKTOP-CFSKSBJ" failures="0" tests="3" name="testCases.TC002_LoginTest" time="7.557" errors="0" timestamp="2024-11-07T20:06:47 IST" skipped="0">
  <testcase classname="testCases.TC002_LoginTest" name="verify_Login" time="3.089"/>
  <testcase classname="testCases.TC002_LoginTest" name="verify_Login" time="3.287"/>
  <testcase classname="testCases.TC002_LoginTest" name="verify_Login" time="1.181"/>
</testsuite> <!-- testCases.TC002_LoginTest -->
