<?xml version="1.0" encoding="UTF-8"?>
<!-- Generated by org.testng.reporters.JUnitReportReporter -->
<testsuite hostname="DESKTOP-CFSKSBJ" failures="0" tests="1" name="testCases.TC001_AccountRegistrationTest" time="2.090" errors="0" timestamp="2024-11-07T13:19:32 IST" skipped="0">
  <testcase classname="testCases.TC001_AccountRegistrationTest" name="verify_account_registration" time="2.090"/>
</testsuite> <!-- testCases.TC001_AccountRegistrationTest -->
