<?xml version="1.0" encoding="UTF-8"?>
<!-- Generated by org.testng.reporters.JUnitReportReporter -->
<testsuite hostname="DESKTOP-CFSKSBJ" failures="0" tests="15" name="testCases.TC003_LoginDDT" time="107.113" errors="0" timestamp="2024-11-07T19:50:45 IST" skipped="0">
  <testcase classname="testCases.TC003_LoginDDT" name="verify_lognDDT" time="10.887"/>
  <testcase classname="testCases.TC003_LoginDDT" name="verify_lognDDT" time="1.220"/>
  <testcase classname="testCases.TC003_LoginDDT" name="verify_lognDDT" time="11.254"/>
  <testcase classname="testCases.TC003_LoginDDT" name="verify_lognDDT" time="1.392"/>
  <testcase classname="testCases.TC003_LoginDDT" name="verify_lognDDT" time="1.356"/>
  <testcase classname="testCases.TC003_LoginDDT" name="verify_lognDDT" time="1.396"/>
  <testcase classname="testCases.TC003_LoginDDT" name="verify_lognDDT" time="10.906"/>
  <testcase classname="testCases.TC003_LoginDDT" name="verify_lognDDT" time="10.996"/>
  <testcase classname="testCases.TC003_LoginDDT" name="verify_lognDDT" time="10.848"/>
  <testcase classname="testCases.TC003_LoginDDT" name="verify_lognDDT" time="10.912"/>
  <testcase classname="testCases.TC003_LoginDDT" name="verify_lognDDT" time="1.783"/>
  <testcase classname="testCases.TC003_LoginDDT" name="verify_lognDDT" time="11.122"/>
  <testcase classname="testCases.TC003_LoginDDT" name="verify_lognDDT" time="10.910"/>
  <testcase classname="testCases.TC003_LoginDDT" name="verify_lognDDT" time="10.854"/>
  <testcase classname="testCases.TC003_LoginDDT" name="verify_lognDDT" time="1.277"/>
</testsuite> <!-- testCases.TC003_LoginDDT -->
